<?xml version="1.0" encoding="UTF-8"?>
<testsuite xmlns:xsi="http://www.w3.org/2001/XMLSchema-instance" xsi:noNamespaceSchemaLocation="https://maven.apache.org/surefire/maven-surefire-plugin/xsd/surefire-test-report-3.0.xsd" version="3.0" name="Validate the functionality get booking api" time="4.493" tests="3" errors="0" skipped="0" failures="0">
  <properties>
[...]
</properties>
  <testcase name="Verify user can retrieve list of booking" classname="Validate the functionality get booking api" time="2.506">
    <system-out><![CDATA[Request method:	GET
Request URI:	https://restful-booker.herokuapp.com/booking
Proxy:			<none>
Request params:	<none>
Query params:	<none>
Form params:	<none>
Path params:	<none>
Headers:		Accept=*/*
Cookies:		<none>
Multiparts:		<none>
Body:			<none>
]]></system-out>
  </testcase>
  <testcase name="Verify user can create a booking" classname="Validate the functionality get booking api" time="0.64">
    <system-out><![CDATA[Request method:	POST
Request URI:	https://restful-booker.herokuapp.com/booking
Proxy:			<none>
Request params:	<none>
Query params:	<none>
Form params:	<none>
Path params:	<none>
Headers:		Accept=*/*
				Content-Type=application/json
Cookies:		<none>
Multiparts:		<none>
Body:
{
    "firstname": "Test",
    "lastname": "Automation",
    "totalprice": 111,
    "depositpaid": true,
    "bookingdates": {
        "checkin": "2018-01-01",
        "checkout": "2019-01-01"
    },
    "additionalneeds": "Breakfast"
}
]]></system-out>
  </testcase>
  <testcase name="Verify user can create a token" classname="Validate the functionality get booking api" time="1.347">
    <system-out><![CDATA[Request method:	POST
Request URI:	https://restful-booker.herokuapp.com/auth
Proxy:			<none>
Request params:	<none>
Query params:	<none>
Form params:	<none>
Path params:	<none>
Headers:		Accept=*/*
				Content-Type=application/json
Cookies:		<none>
Multiparts:		<none>
Body:
{
    "username": "admin",
    "password": "password123"
}
85104aa9b6777ed
]]></system-out>
  </testcase>
</testsuite>